[debug] ----------------------------------------------------------------------
[debug] Command:      /Users/a12653/.nodebrew/node/v6.9.1/bin/node /Users/a12653/.nodebrew/current/bin/firebase serve -p 5001
[debug] CLI Version:  3.7.0
[debug] Platform:     darwin
[debug] Node Version: v6.9.1
[debug] Time:         Wed May 10 2017 12:35:13 GMT+0900 (JST)
[debug] ----------------------------------------------------------------------
[debug] 
[debug] > command requires scopes: ["email","openid","https://www.googleapis.com/auth/cloudplatformprojects.readonly","https://www.googleapis.com/auth/firebase","https://www.googleapis.com/auth/cloud-platform"]
[debug] >>> HTTP REQUEST GET https://admin.firebase.com/v1/projects/stacksound-166909  
 Wed May 10 2017 12:35:13 GMT+0900 (JST)
[debug] <<< HTTP RESPONSE 200
[debug] >>> HTTP REQUEST GET https://admin.firebase.com/v1/database/stacksound-166909/tokens  
 Wed May 10 2017 12:35:14 GMT+0900 (JST)
[debug] <<< HTTP RESPONSE 200
[info] Starting Firebase development server...
[info] 
[info] Project Directory: /Users/a12653/git/github/pages/GCP/Firebase/sample/20170510_web
[debug] >>> HTTP REQUEST GET https://cloudresourcemanager.googleapis.com/v1/projects/stacksound-166909  
 Wed May 10 2017 12:35:15 GMT+0900 (JST)
[debug] <<< HTTP RESPONSE 200
[debug] >>> HTTP REQUEST GET https://mobilesdk-pa.googleapis.com/v1/projects/680748445545/clients/_:getWebAppConfig  
 Wed May 10 2017 12:35:15 GMT+0900 (JST)
[debug] <<< HTTP RESPONSE 200
[info] Public Directory: public
[info] 
[info] Server listening at: http://localhost:5001
